********************************************************************************
DUPLICATOR-LITE PACKAGE-LOG: May 18, 2021 9:11 am
NOTICE: Do NOT post to public sites or forums 
********************************************************************************
VERSION:	1.4.0
WORDPRESS:	5.7.2
PHP INFO:	7.2.9 | SAPI: fpm-fcgi
SERVER:		nginx/1.14.0 
PHP TIME LIMIT: (0) no time limit imposed 
PHP MAX MEMORY: 4294967296 (256M default) 
MEMORY STACK: 12MB

********************************************************************************
DATABASE:
********************************************************************************
BUILD MODE:   MYSQLDUMP
MYSQLTIMEOUT: 5000
MYSQLDUMP:    Is Supported
SQL CREATED: 20210518_sillons_aed02c2a34869d024206_20210518091104_database.sql
SQL FILE SIZE: 14.01MB (14693586)
SQL FILE TIME: 2021-05-18 09:11:35
SQL RUNTIME: 1.22 sec.

********************************************************************************
ARCHIVE (ZIP):
********************************************************************************
ARCHIVE DIR:  /app/public
ARCHIVE FILE: 20210518_sillons_aed02c2a34869d024206_20210518091104_archive.zip
FILTERS: *OFF*
DIRS:
	not set
FILES:
	not set
EXTS:  not set
----------------------------------------
COMPRESSING
SIZE:	495.73MB
STATS:	Dirs 1,209 | Files 8,284
SQL ADDED: 20210518_sillons_aed02c2a34869d024206_20210518091104_database.sql
ZipArchive Object
(
    [status] => 0
    [statusSys] => 0
    [numFiles] => 9493
    [filename] => /app/public/wp-content/backups-dup-lite/tmp/20210518_sillons_aed02c2a34869d024206_20210518091104_archive.zip
    [comment] => 
)

FILE ADDED TO ZIP: 9492
COMPRESSION RESULT: '1'
COMPRESSED SIZE: 400.69MB
ARCHIVE RUNTIME: 104.78 sec.
MEMORY STACK: 16MB
building installer
add_extra_files1
add_extra_files2
add_extra_files3
add_extra_files4
Doing archive file check
add_extra_files5
add_extra_files6
add_extra_files8
Successfully opened zip /app/public/wp-content/backups-dup-lite/tmp/20210518_sillons_aed02c2a34869d024206_20210518091104_archive.zip
Adding enhanced installer files to archive using ZipArchive
Installer files added to archive
Added to archive
After ziparchive close when adding installer

********************************************************************************
INTEGRITY CHECKS:
********************************************************************************
SQL FILE: 14.01MB
INSTALLER FILE: 63.95KB
ARCHIVE FILE: 402.24MB 
COMPTE ATTENDU DE FICHIERS/RÉPERTOIRES : 9,493
COMPTE ACTUEL DE FICHIERS/RÉPERTOIRES : 9,492
TEST DE COHÉRENCE D’ARCHIVE : Bon

********************************************************************************
RECORD ID:[1]
TOTAL PROCESS RUNTIME: 138.17 sec.
PEAK PHP MEMORY USED: 18MB
DONE PROCESSING => 20210518_sillons May 18, 2021 9:13 am

